前端/Flutter/Flutter项目/flutter-template/build/app/intermediates/manifest_merge_blame_file/alphaDebug/manifest-merger-blame-alpha-debug-report.txt
1<?xml version="1.0" encoding="utf-8"?>
2<manifest xmlns:android="http://schemas.android.com/apk/res/android"
3    package="com.icapps.fluttertemplate.alpha"
4    android:versionCode="1"
5    android:versionName="1.0.0-alpha" >
6
7    <uses-sdk
8        android:minSdkVersion="18"
8-->src/main/AndroidManifest.xml
9        android:targetSdkVersion="30" />
9-->src/main/AndroidManifest.xml
10
11    <uses-permission android:name="android.permission.INTERNET" />
11-->src/main/AndroidManifest.xml:5:5-66
11-->src/main/AndroidManifest.xml:5:22-64
12    <uses-permission android:name="android.permission.ACCESS_NETWORK_STATE" />
12-->[:connectivity_plus] AndroidManifest.xml:7:5-79
12-->[:connectivity_plus] AndroidManifest.xml:7:22-76
13
14    <application
14-->src/main/AndroidManifest.xml:7:5-47:19
15        android:allowBackup="false"
15-->src/main/AndroidManifest.xml:10:9-36
16        android:appComponentFactory="androidx.core.app.CoreComponentFactory"
16-->[androidx.core:core:1.1.0] AndroidManifest.xml:24:18-86
17        android:debuggable="true"
18        android:icon="@mipmap/ic_launcher"
18-->src/main/AndroidManifest.xml:9:9-43
19        android:label="@string/app_name" >
19-->src/main/AndroidManifest.xml:8:9-41
20        <activity
20-->src/main/AndroidManifest.xml:13:9-41:20
21            android:name="com.icapps.fluttertemplate.MainActivity"
21-->src/main/AndroidManifest.xml:14:13-41
22            android:configChanges="orientation|keyboardHidden|keyboard|screenSize|locale|layoutDirection|fontScale|screenLayout|density|uiMode"
22-->src/main/AndroidManifest.xml:17:13-144
23            android:hardwareAccelerated="true"
23-->src/main/AndroidManifest.xml:18:13-47
24            android:launchMode="singleTop"
24-->src/main/AndroidManifest.xml:15:13-43
25            android:theme="@style/LaunchTheme"
25-->src/main/AndroidManifest.xml:16:13-47
26            android:windowSoftInputMode="adjustResize" >
26-->src/main/AndroidManifest.xml:19:13-55
27
28            <!--
29                 This keeps the window background of the activity showing
30                 until Flutter renders its first frame. It can be removed if
31                 there is no splash screen (such as the default splash screen
32                 defined in @style/LaunchTheme).
33            -->
34
35
36            <!-- Specify that the launch screen should continue being displayed -->
37            <!-- until Flutter renders its first frame. -->
38            <meta-data
38-->src/main/AndroidManifest.xml:27:13-29:66
39                android:name="io.flutter.embedding.android.SplashScreenDrawable"
39-->src/main/AndroidManifest.xml:28:17-81
40                android:resource="@drawable/launch_background" />
40-->src/main/AndroidManifest.xml:29:17-63
41
42            <!-- Theme to apply as soon as Flutter begins rendering frames -->
43            <meta-data
43-->src/main/AndroidManifest.xml:32:13-35:19
44                android:name="io.flutter.embedding.android.NormalTheme"
44-->src/main/AndroidManifest.xml:33:17-72
45                android:resource="@style/NormalTheme" />
45-->src/main/AndroidManifest.xml:34:17-54
46
47            <intent-filter>
47-->src/main/AndroidManifest.xml:37:13-40:29
48                <action android:name="android.intent.action.MAIN" />
48-->src/main/AndroidManifest.xml:38:17-68
48-->src/main/AndroidManifest.xml:38:25-66
49
50                <category android:name="android.intent.category.LAUNCHER" />
50-->src/main/AndroidManifest.xml:39:17-76
50-->src/main/AndroidManifest.xml:39:27-74
51            </intent-filter>
52        </activity>
53
54        <meta-data
54-->src/main/AndroidManifest.xml:43:9-45:33
55            android:name="flutterEmbedding"
55-->src/main/AndroidManifest.xml:44:13-44
56            android:value="2" />
56-->src/main/AndroidManifest.xml:45:13-30
57    </application>
58
59</manifest>